[2024-06-28T01:37:55.503+0000] {taskinstance.py:1042} DEBUG - previous_execution_date was called
[2024-06-28T01:37:55.549+0000] {taskinstance.py:1042} DEBUG - previous_execution_date was called
[2024-06-28T01:37:55.573+0000] {local_task_job_runner.py:120} INFO - ::group::Pre task execution logs
[2024-06-28T01:37:55.638+0000] {taskinstance.py:2076} INFO - Dependencies all met for dep_context=non-requeueable deps ti=<TaskInstance: USER1.get_urls_task manual__2024-06-28T01:37:52.831588+00:00 [queued]>
[2024-06-28T01:37:55.658+0000] {taskinstance.py:2076} INFO - Dependencies all met for dep_context=requeueable deps ti=<TaskInstance: USER1.get_urls_task manual__2024-06-28T01:37:52.831588+00:00 [queued]>
[2024-06-28T01:37:55.659+0000] {taskinstance.py:2306} INFO - Starting attempt 1 of 1
[2024-06-28T01:37:55.691+0000] {taskinstance.py:2330} INFO - Executing <Task(PythonOperator): get_urls_task> on 2024-06-28 01:37:52.831588+00:00
[2024-06-28T01:37:55.701+0000] {warnings.py:112} WARNING - /home/***/.local/lib/python3.12/site-packages/***/task/task_runner/standard_task_runner.py:61: DeprecationWarning: This process (pid=457) is multi-threaded, use of fork() may lead to deadlocks in the child.
  pid = os.fork()

[2024-06-28T01:37:55.705+0000] {standard_task_runner.py:63} INFO - Started process 458 to run task
[2024-06-28T01:37:55.705+0000] {standard_task_runner.py:90} INFO - Running: ['***', 'tasks', 'run', 'USER1', 'get_urls_task', 'manual__2024-06-28T01:37:52.831588+00:00', '--job-id', '738', '--raw', '--subdir', 'DAGS_FOLDER/user_***.py', '--cfg-path', '/tmp/tmpd06ea3_9']
[2024-06-28T01:37:55.708+0000] {standard_task_runner.py:91} INFO - Job 738: Subtask get_urls_task
[2024-06-28T01:37:55.776+0000] {taskinstance.py:1042} DEBUG - previous_execution_date was called
[2024-06-28T01:37:55.785+0000] {task_command.py:426} INFO - Running <TaskInstance: USER1.get_urls_task manual__2024-06-28T01:37:52.831588+00:00 [running]> on host ccfa35e0da07
[2024-06-28T01:37:55.786+0000] {settings.py:363} DEBUG - Disposing DB connection pool (PID 458)
[2024-06-28T01:37:55.787+0000] {settings.py:250} DEBUG - Setting up DB connection pool (PID 458)
[2024-06-28T01:37:55.788+0000] {settings.py:298} DEBUG - settings.prepare_engine_args(): Using NullPool
[2024-06-28T01:37:55.860+0000] {taskinstance.py:1042} DEBUG - previous_execution_date was called
[2024-06-28T01:37:55.939+0000] {taskinstance.py:2648} INFO - Exporting env vars: AIRFLOW_CTX_DAG_OWNER='***' AIRFLOW_CTX_DAG_ID='USER1' AIRFLOW_CTX_TASK_ID='get_urls_task' AIRFLOW_CTX_EXECUTION_DATE='2024-06-28T01:37:52.831588+00:00' AIRFLOW_CTX_TRY_NUMBER='1' AIRFLOW_CTX_DAG_RUN_ID='manual__2024-06-28T01:37:52.831588+00:00'
[2024-06-28T01:37:55.943+0000] {taskinstance.py:430} INFO - ::endgroup::
[2024-06-28T01:37:55.946+0000] {connectionpool.py:244} DEBUG - Starting new HTTP connection (1): 192.168.10.64:9000
[2024-06-28T01:37:55.986+0000] {connectionpool.py:549} DEBUG - http://192.168.10.64:9000 "GET /datafbcrawl?location= HTTP/1.1" 200 0
[2024-06-28T01:37:56.002+0000] {connectionpool.py:549} DEBUG - http://192.168.10.64:9000 "GET /datafbcrawl?delimiter=&encoding-type=url&list-type=2&max-keys=1000&prefix=list_url HTTP/1.1" 200 0
[2024-06-28T01:37:56.021+0000] {connectionpool.py:549} DEBUG - http://192.168.10.64:9000 "HEAD /datafbcrawl/list_url/user.txt HTTP/1.1" 200 0
[2024-06-28T01:37:56.033+0000] {connectionpool.py:549} DEBUG - http://192.168.10.64:9000 "GET /datafbcrawl/list_url/user.txt HTTP/1.1" 200 146
[2024-06-28T01:37:56.035+0000] {user_airflow.py:42} INFO - Successfully downloaded list_url/user.txt to /tmp/page_url/user.txt
[2024-06-28T01:37:56.035+0000] {user_airflow.py:45} INFO - Content of /tmp/page_url/user.txt: https://www.facebook.com/profile.php?id=100042589883308
https://www.facebook.com/zhao209
https://www.facebook.com/profile.php?id=100013355110045
[2024-06-28T01:37:56.036+0000] {python.py:237} INFO - Done. Returned value was: ['https://www.facebook.com/profile.php?id=100042589883308', 'https://www.facebook.com/zhao209', 'https://www.facebook.com/profile.php?id=100013355110045']
[2024-06-28T01:37:56.037+0000] {taskinstance.py:441} INFO - ::group::Post task execution logs
[2024-06-28T01:37:56.075+0000] {taskinstance.py:584} DEBUG - Clearing next_method and next_kwargs.
[2024-06-28T01:37:56.076+0000] {taskinstance.py:1206} INFO - Marking task as SUCCESS. dag_id=USER1, task_id=get_urls_task, run_id=manual__2024-06-28T01:37:52.831588+00:00, execution_date=20240628T013752, start_date=20240628T013755, end_date=20240628T013756
[2024-06-28T01:37:56.076+0000] {taskinstance.py:562} DEBUG - Task Duration set to 0.433656
[2024-06-28T01:37:56.122+0000] {local_task_job_runner.py:240} INFO - Task exited with return code 0
[2024-06-28T01:37:56.152+0000] {taskinstance.py:3503} INFO - 3 downstream tasks scheduled from follow-on schedule check
[2024-06-28T01:37:56.155+0000] {local_task_job_runner.py:222} INFO - ::endgroup::
