[2024-06-27T07:50:37.378+0000] {taskinstance.py:1042} DEBUG - previous_execution_date was called
[2024-06-27T07:50:37.438+0000] {taskinstance.py:1042} DEBUG - previous_execution_date was called
[2024-06-27T07:50:37.458+0000] {local_task_job_runner.py:120} INFO - ::group::Pre task execution logs
[2024-06-27T07:50:37.512+0000] {taskinstance.py:2076} INFO - Dependencies all met for dep_context=non-requeueable deps ti=<TaskInstance: USER.get_urls_task manual__2024-06-27T07:50:33.544496+00:00 [queued]>
[2024-06-27T07:50:37.537+0000] {taskinstance.py:2076} INFO - Dependencies all met for dep_context=requeueable deps ti=<TaskInstance: USER.get_urls_task manual__2024-06-27T07:50:33.544496+00:00 [queued]>
[2024-06-27T07:50:37.539+0000] {taskinstance.py:2306} INFO - Starting attempt 1 of 1
[2024-06-27T07:50:37.578+0000] {taskinstance.py:2330} INFO - Executing <Task(PythonOperator): get_urls_task> on 2024-06-27 07:50:33.544496+00:00
[2024-06-27T07:50:37.598+0000] {warnings.py:112} WARNING - /home/***/.local/lib/python3.12/site-packages/***/task/task_runner/standard_task_runner.py:61: DeprecationWarning: This process (pid=102) is multi-threaded, use of fork() may lead to deadlocks in the child.
  pid = os.fork()

[2024-06-27T07:50:37.606+0000] {standard_task_runner.py:63} INFO - Started process 103 to run task
[2024-06-27T07:50:37.607+0000] {standard_task_runner.py:90} INFO - Running: ['***', 'tasks', 'run', 'USER', 'get_urls_task', 'manual__2024-06-27T07:50:33.544496+00:00', '--job-id', '707', '--raw', '--subdir', 'DAGS_FOLDER/user_***.py', '--cfg-path', '/tmp/tmpsz58rm_n']
[2024-06-27T07:50:37.609+0000] {standard_task_runner.py:91} INFO - Job 707: Subtask get_urls_task
[2024-06-27T07:50:37.711+0000] {taskinstance.py:1042} DEBUG - previous_execution_date was called
[2024-06-27T07:50:37.723+0000] {task_command.py:426} INFO - Running <TaskInstance: USER.get_urls_task manual__2024-06-27T07:50:33.544496+00:00 [running]> on host ccfa35e0da07
[2024-06-27T07:50:37.724+0000] {settings.py:363} DEBUG - Disposing DB connection pool (PID 103)
[2024-06-27T07:50:37.725+0000] {settings.py:250} DEBUG - Setting up DB connection pool (PID 103)
[2024-06-27T07:50:37.726+0000] {settings.py:298} DEBUG - settings.prepare_engine_args(): Using NullPool
[2024-06-27T07:50:37.801+0000] {taskinstance.py:1042} DEBUG - previous_execution_date was called
[2024-06-27T07:50:37.920+0000] {taskinstance.py:2648} INFO - Exporting env vars: AIRFLOW_CTX_DAG_OWNER='***' AIRFLOW_CTX_DAG_ID='USER' AIRFLOW_CTX_TASK_ID='get_urls_task' AIRFLOW_CTX_EXECUTION_DATE='2024-06-27T07:50:33.544496+00:00' AIRFLOW_CTX_TRY_NUMBER='1' AIRFLOW_CTX_DAG_RUN_ID='manual__2024-06-27T07:50:33.544496+00:00'
[2024-06-27T07:50:37.926+0000] {taskinstance.py:430} INFO - ::endgroup::
[2024-06-27T07:50:37.933+0000] {connectionpool.py:244} DEBUG - Starting new HTTP connection (1): 192.168.10.64:9000
[2024-06-27T07:50:37.958+0000] {connectionpool.py:549} DEBUG - http://192.168.10.64:9000 "GET /datafbcrawl?location= HTTP/1.1" 200 0
[2024-06-27T07:50:37.970+0000] {connectionpool.py:549} DEBUG - http://192.168.10.64:9000 "GET /datafbcrawl?delimiter=&encoding-type=url&list-type=2&max-keys=1000&prefix=list_url HTTP/1.1" 200 0
[2024-06-27T07:50:37.982+0000] {connectionpool.py:549} DEBUG - http://192.168.10.64:9000 "HEAD /datafbcrawl/list_url/user.txt HTTP/1.1" 200 0
[2024-06-27T07:50:37.993+0000] {connectionpool.py:549} DEBUG - http://192.168.10.64:9000 "GET /datafbcrawl/list_url/user.txt HTTP/1.1" 200 146
[2024-06-27T07:50:37.995+0000] {user_airflow.py:42} INFO - Successfully downloaded list_url/user.txt to /tmp/page_url/user.txt
[2024-06-27T07:50:37.996+0000] {user_airflow.py:45} INFO - Content of /tmp/page_url/user.txt: https://www.facebook.com/profile.php?id=100042589883308
https://www.facebook.com/zhao209
https://www.facebook.com/profile.php?id=100013355110045
[2024-06-27T07:50:37.998+0000] {python.py:237} INFO - Done. Returned value was: ['https://www.facebook.com/profile.php?id=100042589883308', 'https://www.facebook.com/zhao209', 'https://www.facebook.com/profile.php?id=100013355110045']
[2024-06-27T07:50:37.999+0000] {taskinstance.py:441} INFO - ::group::Post task execution logs
[2024-06-27T07:50:38.065+0000] {taskinstance.py:584} DEBUG - Clearing next_method and next_kwargs.
[2024-06-27T07:50:38.067+0000] {taskinstance.py:1206} INFO - Marking task as SUCCESS. dag_id=USER, task_id=get_urls_task, run_id=manual__2024-06-27T07:50:33.544496+00:00, execution_date=20240627T075033, start_date=20240627T075037, end_date=20240627T075038
[2024-06-27T07:50:38.068+0000] {taskinstance.py:562} DEBUG - Task Duration set to 0.553822
[2024-06-27T07:50:38.145+0000] {local_task_job_runner.py:240} INFO - Task exited with return code 0
[2024-06-27T07:50:38.181+0000] {taskinstance.py:3503} INFO - 3 downstream tasks scheduled from follow-on schedule check
[2024-06-27T07:50:38.186+0000] {local_task_job_runner.py:222} INFO - ::endgroup::
