[2024-06-27T08:35:17.935+0000] {taskinstance.py:1042} DEBUG - previous_execution_date was called
[2024-06-27T08:35:18.010+0000] {taskinstance.py:1042} DEBUG - previous_execution_date was called
[2024-06-27T08:35:18.060+0000] {local_task_job_runner.py:120} INFO - ::group::Pre task execution logs
[2024-06-27T08:35:18.157+0000] {taskinstance.py:2076} INFO - Dependencies all met for dep_context=non-requeueable deps ti=<TaskInstance: USER.get_urls_task manual__2024-06-27T08:35:08.312991+00:00 [queued]>
[2024-06-27T08:35:18.182+0000] {taskinstance.py:2076} INFO - Dependencies all met for dep_context=requeueable deps ti=<TaskInstance: USER.get_urls_task manual__2024-06-27T08:35:08.312991+00:00 [queued]>
[2024-06-27T08:35:18.183+0000] {taskinstance.py:2306} INFO - Starting attempt 1 of 1
[2024-06-27T08:35:18.211+0000] {taskinstance.py:2330} INFO - Executing <Task(PythonOperator): get_urls_task> on 2024-06-27 08:35:08.312991+00:00
[2024-06-27T08:35:18.240+0000] {warnings.py:112} WARNING - /home/***/.local/lib/python3.12/site-packages/***/task/task_runner/standard_task_runner.py:61: DeprecationWarning: This process (pid=513) is multi-threaded, use of fork() may lead to deadlocks in the child.
  pid = os.fork()

[2024-06-27T08:35:18.241+0000] {standard_task_runner.py:63} INFO - Started process 514 to run task
[2024-06-27T08:35:18.242+0000] {standard_task_runner.py:90} INFO - Running: ['***', 'tasks', 'run', 'USER', 'get_urls_task', 'manual__2024-06-27T08:35:08.312991+00:00', '--job-id', '714', '--raw', '--subdir', 'DAGS_FOLDER/user_***.py', '--cfg-path', '/tmp/tmp6vdlyb9_']
[2024-06-27T08:35:18.244+0000] {standard_task_runner.py:91} INFO - Job 714: Subtask get_urls_task
[2024-06-27T08:35:18.320+0000] {taskinstance.py:1042} DEBUG - previous_execution_date was called
[2024-06-27T08:35:18.327+0000] {task_command.py:426} INFO - Running <TaskInstance: USER.get_urls_task manual__2024-06-27T08:35:08.312991+00:00 [running]> on host ccfa35e0da07
[2024-06-27T08:35:18.328+0000] {settings.py:363} DEBUG - Disposing DB connection pool (PID 514)
[2024-06-27T08:35:18.329+0000] {settings.py:250} DEBUG - Setting up DB connection pool (PID 514)
[2024-06-27T08:35:18.329+0000] {settings.py:298} DEBUG - settings.prepare_engine_args(): Using NullPool
[2024-06-27T08:35:18.392+0000] {taskinstance.py:1042} DEBUG - previous_execution_date was called
[2024-06-27T08:35:18.532+0000] {taskinstance.py:2648} INFO - Exporting env vars: AIRFLOW_CTX_DAG_OWNER='***' AIRFLOW_CTX_DAG_ID='USER' AIRFLOW_CTX_TASK_ID='get_urls_task' AIRFLOW_CTX_EXECUTION_DATE='2024-06-27T08:35:08.312991+00:00' AIRFLOW_CTX_TRY_NUMBER='1' AIRFLOW_CTX_DAG_RUN_ID='manual__2024-06-27T08:35:08.312991+00:00'
[2024-06-27T08:35:18.536+0000] {taskinstance.py:430} INFO - ::endgroup::
[2024-06-27T08:35:18.539+0000] {connectionpool.py:244} DEBUG - Starting new HTTP connection (1): 192.168.10.64:9000
[2024-06-27T08:35:18.558+0000] {connectionpool.py:549} DEBUG - http://192.168.10.64:9000 "GET /datafbcrawl?location= HTTP/1.1" 200 0
[2024-06-27T08:35:18.568+0000] {connectionpool.py:549} DEBUG - http://192.168.10.64:9000 "GET /datafbcrawl?delimiter=&encoding-type=url&list-type=2&max-keys=1000&prefix=list_url HTTP/1.1" 200 0
[2024-06-27T08:35:18.578+0000] {connectionpool.py:549} DEBUG - http://192.168.10.64:9000 "HEAD /datafbcrawl/list_url/user.txt HTTP/1.1" 200 0
[2024-06-27T08:35:18.588+0000] {connectionpool.py:549} DEBUG - http://192.168.10.64:9000 "GET /datafbcrawl/list_url/user.txt HTTP/1.1" 200 146
[2024-06-27T08:35:18.589+0000] {user_airflow.py:42} INFO - Successfully downloaded list_url/user.txt to /tmp/page_url/user.txt
[2024-06-27T08:35:18.590+0000] {user_airflow.py:45} INFO - Content of /tmp/page_url/user.txt: https://www.facebook.com/profile.php?id=100042589883308
https://www.facebook.com/zhao209
https://www.facebook.com/profile.php?id=100013355110045
[2024-06-27T08:35:18.591+0000] {python.py:237} INFO - Done. Returned value was: ['https://www.facebook.com/profile.php?id=100042589883308', 'https://www.facebook.com/zhao209', 'https://www.facebook.com/profile.php?id=100013355110045']
[2024-06-27T08:35:18.591+0000] {taskinstance.py:441} INFO - ::group::Post task execution logs
[2024-06-27T08:35:18.638+0000] {taskinstance.py:584} DEBUG - Clearing next_method and next_kwargs.
[2024-06-27T08:35:18.639+0000] {taskinstance.py:1206} INFO - Marking task as SUCCESS. dag_id=USER, task_id=get_urls_task, run_id=manual__2024-06-27T08:35:08.312991+00:00, execution_date=20240627T083508, start_date=20240627T083518, end_date=20240627T083518
[2024-06-27T08:35:18.639+0000] {taskinstance.py:562} DEBUG - Task Duration set to 0.480593
[2024-06-27T08:35:18.686+0000] {local_task_job_runner.py:240} INFO - Task exited with return code 0
[2024-06-27T08:35:18.732+0000] {taskinstance.py:3503} INFO - 3 downstream tasks scheduled from follow-on schedule check
[2024-06-27T08:35:18.736+0000] {local_task_job_runner.py:222} INFO - ::endgroup::
