[2024-06-26T08:30:21.816+0000] {taskinstance.py:1042} DEBUG - previous_execution_date was called
[2024-06-26T08:30:21.889+0000] {taskinstance.py:1042} DEBUG - previous_execution_date was called
[2024-06-26T08:30:21.943+0000] {local_task_job_runner.py:120} INFO - ::group::Pre task execution logs
[2024-06-26T08:30:22.064+0000] {taskinstance.py:2076} INFO - Dependencies all met for dep_context=non-requeueable deps ti=<TaskInstance: User.get_urls_task manual__2024-06-26T08:30:16.415423+00:00 [queued]>
[2024-06-26T08:30:22.094+0000] {taskinstance.py:2076} INFO - Dependencies all met for dep_context=requeueable deps ti=<TaskInstance: User.get_urls_task manual__2024-06-26T08:30:16.415423+00:00 [queued]>
[2024-06-26T08:30:22.097+0000] {taskinstance.py:2306} INFO - Starting attempt 1 of 1
[2024-06-26T08:30:22.135+0000] {taskinstance.py:2330} INFO - Executing <Task(PythonOperator): get_urls_task> on 2024-06-26 08:30:16.415423+00:00
[2024-06-26T08:30:22.145+0000] {warnings.py:112} WARNING - /home/***/.local/lib/python3.12/site-packages/***/task/task_runner/standard_task_runner.py:61: DeprecationWarning: This process (pid=3685) is multi-threaded, use of fork() may lead to deadlocks in the child.
  pid = os.fork()

[2024-06-26T08:30:22.149+0000] {standard_task_runner.py:63} INFO - Started process 3686 to run task
[2024-06-26T08:30:22.149+0000] {standard_task_runner.py:90} INFO - Running: ['***', 'tasks', 'run', 'User', 'get_urls_task', 'manual__2024-06-26T08:30:16.415423+00:00', '--job-id', '541', '--raw', '--subdir', 'DAGS_FOLDER/first_out.py', '--cfg-path', '/tmp/tmpnwes6wrs']
[2024-06-26T08:30:22.153+0000] {standard_task_runner.py:91} INFO - Job 541: Subtask get_urls_task
[2024-06-26T08:30:22.215+0000] {taskinstance.py:1042} DEBUG - previous_execution_date was called
[2024-06-26T08:30:22.221+0000] {task_command.py:426} INFO - Running <TaskInstance: User.get_urls_task manual__2024-06-26T08:30:16.415423+00:00 [running]> on host ccfa35e0da07
[2024-06-26T08:30:22.221+0000] {settings.py:363} DEBUG - Disposing DB connection pool (PID 3686)
[2024-06-26T08:30:22.222+0000] {settings.py:250} DEBUG - Setting up DB connection pool (PID 3686)
[2024-06-26T08:30:22.222+0000] {settings.py:298} DEBUG - settings.prepare_engine_args(): Using NullPool
[2024-06-26T08:30:22.275+0000] {taskinstance.py:1042} DEBUG - previous_execution_date was called
[2024-06-26T08:30:22.368+0000] {taskinstance.py:2648} INFO - Exporting env vars: AIRFLOW_CTX_DAG_OWNER='***' AIRFLOW_CTX_DAG_ID='User' AIRFLOW_CTX_TASK_ID='get_urls_task' AIRFLOW_CTX_EXECUTION_DATE='2024-06-26T08:30:16.415423+00:00' AIRFLOW_CTX_TRY_NUMBER='1' AIRFLOW_CTX_DAG_RUN_ID='manual__2024-06-26T08:30:16.415423+00:00'
[2024-06-26T08:30:22.371+0000] {taskinstance.py:430} INFO - ::endgroup::
[2024-06-26T08:30:25.768+0000] {python.py:237} INFO - Done. Returned value was: 100013963483849
[2024-06-26T08:30:25.770+0000] {taskinstance.py:441} INFO - ::group::Post task execution logs
[2024-06-26T08:30:25.836+0000] {taskinstance.py:584} DEBUG - Clearing next_method and next_kwargs.
[2024-06-26T08:30:25.837+0000] {taskinstance.py:1206} INFO - Marking task as SUCCESS. dag_id=User, task_id=get_urls_task, run_id=manual__2024-06-26T08:30:16.415423+00:00, execution_date=20240626T083016, start_date=20240626T083022, end_date=20240626T083025
[2024-06-26T08:30:25.839+0000] {taskinstance.py:562} DEBUG - Task Duration set to 3.770676
[2024-06-26T08:30:25.953+0000] {local_task_job_runner.py:240} INFO - Task exited with return code 0
[2024-06-26T08:30:25.996+0000] {taskinstance.py:3503} INFO - 0 downstream tasks scheduled from follow-on schedule check
[2024-06-26T08:30:26.000+0000] {local_task_job_runner.py:222} INFO - ::endgroup::
