[2024-06-27T07:04:23.992+0000] {taskinstance.py:1042} DEBUG - previous_execution_date was called
[2024-06-27T07:04:24.056+0000] {taskinstance.py:1042} DEBUG - previous_execution_date was called
[2024-06-27T07:04:24.069+0000] {local_task_job_runner.py:120} INFO - ::group::Pre task execution logs
[2024-06-27T07:04:24.112+0000] {taskinstance.py:2076} INFO - Dependencies all met for dep_context=non-requeueable deps ti=<TaskInstance: selenium_minio.upload_to_minio_task manual__2024-06-27T07:04:05.078872+00:00 [queued]>
[2024-06-27T07:04:24.123+0000] {taskinstance.py:2076} INFO - Dependencies all met for dep_context=requeueable deps ti=<TaskInstance: selenium_minio.upload_to_minio_task manual__2024-06-27T07:04:05.078872+00:00 [queued]>
[2024-06-27T07:04:24.124+0000] {taskinstance.py:2306} INFO - Starting attempt 1 of 1
[2024-06-27T07:04:24.150+0000] {taskinstance.py:2330} INFO - Executing <Task(PythonOperator): upload_to_minio_task> on 2024-06-27 07:04:05.078872+00:00
[2024-06-27T07:04:24.158+0000] {warnings.py:112} WARNING - /home/***/.local/lib/python3.12/site-packages/***/task/task_runner/standard_task_runner.py:61: DeprecationWarning: This process (pid=1073) is multi-threaded, use of fork() may lead to deadlocks in the child.
  pid = os.fork()

[2024-06-27T07:04:24.160+0000] {standard_task_runner.py:63} INFO - Started process 1074 to run task
[2024-06-27T07:04:24.160+0000] {standard_task_runner.py:90} INFO - Running: ['***', 'tasks', 'run', 'selenium_minio', 'upload_to_minio_task', 'manual__2024-06-27T07:04:05.078872+00:00', '--job-id', '662', '--raw', '--subdir', 'DAGS_FOLDER/crawl_minio.py', '--cfg-path', '/tmp/tmpikn42z6a']
[2024-06-27T07:04:24.162+0000] {standard_task_runner.py:91} INFO - Job 662: Subtask upload_to_minio_task
[2024-06-27T07:04:24.213+0000] {taskinstance.py:1042} DEBUG - previous_execution_date was called
[2024-06-27T07:04:24.221+0000] {task_command.py:426} INFO - Running <TaskInstance: selenium_minio.upload_to_minio_task manual__2024-06-27T07:04:05.078872+00:00 [running]> on host ccfa35e0da07
[2024-06-27T07:04:24.222+0000] {settings.py:363} DEBUG - Disposing DB connection pool (PID 1074)
[2024-06-27T07:04:24.223+0000] {settings.py:250} DEBUG - Setting up DB connection pool (PID 1074)
[2024-06-27T07:04:24.224+0000] {settings.py:298} DEBUG - settings.prepare_engine_args(): Using NullPool
[2024-06-27T07:04:24.272+0000] {taskinstance.py:1042} DEBUG - previous_execution_date was called
[2024-06-27T07:04:24.336+0000] {taskinstance.py:2648} INFO - Exporting env vars: AIRFLOW_CTX_DAG_OWNER='***' AIRFLOW_CTX_DAG_ID='selenium_minio' AIRFLOW_CTX_TASK_ID='upload_to_minio_task' AIRFLOW_CTX_EXECUTION_DATE='2024-06-27T07:04:05.078872+00:00' AIRFLOW_CTX_TRY_NUMBER='1' AIRFLOW_CTX_DAG_RUN_ID='manual__2024-06-27T07:04:05.078872+00:00'
[2024-06-27T07:04:24.338+0000] {taskinstance.py:430} INFO - ::endgroup::
[2024-06-27T07:04:24.436+0000] {crawl_minio.py:79} INFO - Bucket datafbcrawl already exists
[2024-06-27T07:04:24.488+0000] {crawl_minio.py:82} INFO - Uploaded data as object page_data/page_data_102954222444696.json to bucket datafbcrawl
[2024-06-27T07:04:24.489+0000] {python.py:237} INFO - Done. Returned value was: None
[2024-06-27T07:04:24.490+0000] {taskinstance.py:441} INFO - ::group::Post task execution logs
[2024-06-27T07:04:24.502+0000] {taskinstance.py:584} DEBUG - Clearing next_method and next_kwargs.
[2024-06-27T07:04:24.503+0000] {taskinstance.py:1206} INFO - Marking task as SUCCESS. dag_id=selenium_minio, task_id=upload_to_minio_task, run_id=manual__2024-06-27T07:04:05.078872+00:00, execution_date=20240627T070405, start_date=20240627T070424, end_date=20240627T070424
[2024-06-27T07:04:24.504+0000] {taskinstance.py:562} DEBUG - Task Duration set to 0.389856
[2024-06-27T07:04:24.537+0000] {local_task_job_runner.py:240} INFO - Task exited with return code 0
[2024-06-27T07:04:24.558+0000] {taskinstance.py:3503} INFO - 0 downstream tasks scheduled from follow-on schedule check
[2024-06-27T07:04:24.566+0000] {local_task_job_runner.py:222} INFO - ::endgroup::
