[2024-06-26T07:49:31.953+0000] {taskinstance.py:1042} DEBUG - previous_execution_date was called
[2024-06-26T07:49:31.989+0000] {taskinstance.py:1042} DEBUG - previous_execution_date was called
[2024-06-26T07:49:32.004+0000] {local_task_job_runner.py:120} INFO - ::group::Pre task execution logs
[2024-06-26T07:49:32.034+0000] {taskinstance.py:2076} INFO - Dependencies all met for dep_context=non-requeueable deps ti=<TaskInstance: USER1.process_link_0 manual__2024-06-26T07:49:27.901947+00:00 [queued]>
[2024-06-26T07:49:32.044+0000] {taskinstance.py:2076} INFO - Dependencies all met for dep_context=requeueable deps ti=<TaskInstance: USER1.process_link_0 manual__2024-06-26T07:49:27.901947+00:00 [queued]>
[2024-06-26T07:49:32.048+0000] {taskinstance.py:2306} INFO - Starting attempt 1 of 1
[2024-06-26T07:49:32.066+0000] {taskinstance.py:2330} INFO - Executing <Task(PythonOperator): process_link_0> on 2024-06-26 07:49:27.901947+00:00
[2024-06-26T07:49:32.073+0000] {warnings.py:112} WARNING - /home/***/.local/lib/python3.12/site-packages/***/task/task_runner/standard_task_runner.py:61: DeprecationWarning: This process (pid=2335) is multi-threaded, use of fork() may lead to deadlocks in the child.
  pid = os.fork()

[2024-06-26T07:49:32.075+0000] {standard_task_runner.py:63} INFO - Started process 2336 to run task
[2024-06-26T07:49:32.075+0000] {standard_task_runner.py:90} INFO - Running: ['***', 'tasks', 'run', 'USER1', 'process_link_0', 'manual__2024-06-26T07:49:27.901947+00:00', '--job-id', '534', '--raw', '--subdir', 'DAGS_FOLDER/user_***.py', '--cfg-path', '/tmp/tmp0f1uh6kq']
[2024-06-26T07:49:32.077+0000] {standard_task_runner.py:91} INFO - Job 534: Subtask process_link_0
[2024-06-26T07:49:32.127+0000] {taskinstance.py:1042} DEBUG - previous_execution_date was called
[2024-06-26T07:49:32.135+0000] {task_command.py:426} INFO - Running <TaskInstance: USER1.process_link_0 manual__2024-06-26T07:49:27.901947+00:00 [running]> on host ccfa35e0da07
[2024-06-26T07:49:32.136+0000] {settings.py:363} DEBUG - Disposing DB connection pool (PID 2336)
[2024-06-26T07:49:32.137+0000] {settings.py:250} DEBUG - Setting up DB connection pool (PID 2336)
[2024-06-26T07:49:32.138+0000] {settings.py:298} DEBUG - settings.prepare_engine_args(): Using NullPool
[2024-06-26T07:49:32.185+0000] {taskinstance.py:1042} DEBUG - previous_execution_date was called
[2024-06-26T07:49:32.241+0000] {taskinstance.py:2648} INFO - Exporting env vars: AIRFLOW_CTX_DAG_OWNER='***' AIRFLOW_CTX_DAG_ID='USER1' AIRFLOW_CTX_TASK_ID='process_link_0' AIRFLOW_CTX_EXECUTION_DATE='2024-06-26T07:49:27.901947+00:00' AIRFLOW_CTX_TRY_NUMBER='1' AIRFLOW_CTX_DAG_RUN_ID='manual__2024-06-26T07:49:27.901947+00:00'
[2024-06-26T07:49:32.244+0000] {taskinstance.py:430} INFO - ::endgroup::
[2024-06-26T07:49:33.938+0000] {connectionpool.py:244} DEBUG - Starting new HTTP connection (1): localhost:44631
[2024-06-26T07:49:35.109+0000] {connectionpool.py:549} DEBUG - http://localhost:44631 "POST /session HTTP/1.1" 200 0
[2024-06-26T07:49:35.166+0000] {connectionpool.py:549} DEBUG - http://localhost:44631 "DELETE /session/0cb8171447926e0a14790b2263ff7e77 HTTP/1.1" 200 0
[2024-06-26T07:49:35.252+0000] {taskinstance.py:441} INFO - ::group::Post task execution logs
[2024-06-26T07:49:35.253+0000] {taskinstance.py:2905} ERROR - Task failed with exception
Traceback (most recent call last):
  File "/home/airflow/.local/lib/python3.12/site-packages/airflow/models/taskinstance.py", line 465, in _execute_task
    result = _execute_callable(context=context, **execute_callable_kwargs)
             ^^^^^^^^^^^^^^^^^^^^^^^^^^^^^^^^^^^^^^^^^^^^^^^^^^^^^^^^^^^^^
  File "/home/airflow/.local/lib/python3.12/site-packages/airflow/models/taskinstance.py", line 432, in _execute_callable
    return execute_callable(context=context, **execute_callable_kwargs)
           ^^^^^^^^^^^^^^^^^^^^^^^^^^^^^^^^^^^^^^^^^^^^^^^^^^^^^^^^^^^^
  File "/home/airflow/.local/lib/python3.12/site-packages/airflow/models/baseoperator.py", line 401, in wrapper
    return func(self, *args, **kwargs)
           ^^^^^^^^^^^^^^^^^^^^^^^^^^^
  File "/home/airflow/.local/lib/python3.12/site-packages/airflow/operators/python.py", line 235, in execute
    return_value = self.execute_callable()
                   ^^^^^^^^^^^^^^^^^^^^^^^
  File "/home/airflow/.local/lib/python3.12/site-packages/airflow/operators/python.py", line 252, in execute_callable
    return self.python_callable(*self.op_args, **self.op_kwargs)
           ^^^^^^^^^^^^^^^^^^^^^^^^^^^^^^^^^^^^^^^^^^^^^^^^^^^^^
  File "/opt/airflow/dags/user_airflow.py", line 118, in process_link
    result = run_selenium_job(link)
             ^^^^^^^^^^^^^^^^^^^^^^
  File "/opt/airflow/dags/user_airflow.py", line 60, in run_selenium_job
    functions_instance = User_Functions()
                         ^^^^^^^^^^^^^^^^
TypeError: User_Functions.__init__() missing 1 required positional argument: 'includesPosts'
[2024-06-26T07:49:35.284+0000] {taskinstance.py:562} DEBUG - Task Duration set to 3.249169
[2024-06-26T07:49:35.285+0000] {taskinstance.py:584} DEBUG - Clearing next_method and next_kwargs.
[2024-06-26T07:49:35.286+0000] {taskinstance.py:1206} INFO - Marking task as FAILED. dag_id=USER1, task_id=process_link_0, run_id=manual__2024-06-26T07:49:27.901947+00:00, execution_date=20240626T074927, start_date=20240626T074932, end_date=20240626T074935
[2024-06-26T07:49:35.302+0000] {standard_task_runner.py:110} ERROR - Failed to execute job 534 for task process_link_0 (User_Functions.__init__() missing 1 required positional argument: 'includesPosts'; 2336)
[2024-06-26T07:49:35.347+0000] {local_task_job_runner.py:240} INFO - Task exited with return code 1
[2024-06-26T07:49:35.372+0000] {taskinstance.py:3503} INFO - 0 downstream tasks scheduled from follow-on schedule check
[2024-06-26T07:49:35.376+0000] {local_task_job_runner.py:222} INFO - ::endgroup::
