[2024-06-26T07:18:30.192+0000] {taskinstance.py:1042} DEBUG - previous_execution_date was called
[2024-06-26T07:18:30.373+0000] {taskinstance.py:1042} DEBUG - previous_execution_date was called
[2024-06-26T07:18:30.420+0000] {local_task_job_runner.py:120} INFO - ::group::Pre task execution logs
[2024-06-26T07:18:30.532+0000] {taskinstance.py:2076} INFO - Dependencies all met for dep_context=non-requeueable deps ti=<TaskInstance: PAGE.get_urls_task manual__2024-06-26T07:18:23.021456+00:00 [queued]>
[2024-06-26T07:18:30.602+0000] {taskinstance.py:2076} INFO - Dependencies all met for dep_context=requeueable deps ti=<TaskInstance: PAGE.get_urls_task manual__2024-06-26T07:18:23.021456+00:00 [queued]>
[2024-06-26T07:18:30.605+0000] {taskinstance.py:2306} INFO - Starting attempt 1 of 1
[2024-06-26T07:18:30.694+0000] {taskinstance.py:2330} INFO - Executing <Task(PythonOperator): get_urls_task> on 2024-06-26 07:18:23.021456+00:00
[2024-06-26T07:18:30.710+0000] {warnings.py:112} WARNING - /home/***/.local/lib/python3.12/site-packages/***/task/task_runner/standard_task_runner.py:61: DeprecationWarning: This process (pid=1348) is multi-threaded, use of fork() may lead to deadlocks in the child.
  pid = os.fork()

[2024-06-26T07:18:30.718+0000] {standard_task_runner.py:63} INFO - Started process 1349 to run task
[2024-06-26T07:18:30.718+0000] {standard_task_runner.py:90} INFO - Running: ['***', 'tasks', 'run', 'PAGE', 'get_urls_task', 'manual__2024-06-26T07:18:23.021456+00:00', '--job-id', '523', '--raw', '--subdir', 'DAGS_FOLDER/page_***.py', '--cfg-path', '/tmp/tmpnqgu4jp0']
[2024-06-26T07:18:30.722+0000] {standard_task_runner.py:91} INFO - Job 523: Subtask get_urls_task
[2024-06-26T07:18:30.853+0000] {taskinstance.py:1042} DEBUG - previous_execution_date was called
[2024-06-26T07:18:30.869+0000] {task_command.py:426} INFO - Running <TaskInstance: PAGE.get_urls_task manual__2024-06-26T07:18:23.021456+00:00 [running]> on host ccfa35e0da07
[2024-06-26T07:18:30.871+0000] {settings.py:363} DEBUG - Disposing DB connection pool (PID 1349)
[2024-06-26T07:18:30.874+0000] {settings.py:250} DEBUG - Setting up DB connection pool (PID 1349)
[2024-06-26T07:18:30.876+0000] {settings.py:298} DEBUG - settings.prepare_engine_args(): Using NullPool
[2024-06-26T07:18:31.000+0000] {taskinstance.py:1042} DEBUG - previous_execution_date was called
[2024-06-26T07:18:31.172+0000] {taskinstance.py:2648} INFO - Exporting env vars: AIRFLOW_CTX_DAG_OWNER='***' AIRFLOW_CTX_DAG_ID='PAGE' AIRFLOW_CTX_TASK_ID='get_urls_task' AIRFLOW_CTX_EXECUTION_DATE='2024-06-26T07:18:23.021456+00:00' AIRFLOW_CTX_TRY_NUMBER='1' AIRFLOW_CTX_DAG_RUN_ID='manual__2024-06-26T07:18:23.021456+00:00'
[2024-06-26T07:18:31.175+0000] {taskinstance.py:430} INFO - ::endgroup::
[2024-06-26T07:18:31.180+0000] {connectionpool.py:244} DEBUG - Starting new HTTP connection (1): 192.168.10.64:9000
[2024-06-26T07:18:31.199+0000] {connectionpool.py:549} DEBUG - http://192.168.10.64:9000 "GET /datafbcrawl?location= HTTP/1.1" 200 0
[2024-06-26T07:18:31.217+0000] {connectionpool.py:549} DEBUG - http://192.168.10.64:9000 "GET /datafbcrawl?delimiter=&encoding-type=url&list-type=2&max-keys=1000&prefix=list_url HTTP/1.1" 200 0
[2024-06-26T07:18:31.240+0000] {connectionpool.py:549} DEBUG - http://192.168.10.64:9000 "HEAD /datafbcrawl/list_url/page.txt HTTP/1.1" 200 0
[2024-06-26T07:18:31.256+0000] {connectionpool.py:549} DEBUG - http://192.168.10.64:9000 "GET /datafbcrawl/list_url/page.txt HTTP/1.1" 200 32
[2024-06-26T07:18:31.260+0000] {page_airflow.py:45} INFO - Successfully downloaded list_url/page.txt to /tmp/page_url/page.txt
[2024-06-26T07:18:31.262+0000] {page_airflow.py:48} INFO - Content of /tmp/page_url/page.txt: https://www.facebook.com/viettan
[2024-06-26T07:18:31.265+0000] {python.py:237} INFO - Done. Returned value was: ['https://www.facebook.com/viettan']
[2024-06-26T07:18:31.269+0000] {taskinstance.py:441} INFO - ::group::Post task execution logs
[2024-06-26T07:18:31.361+0000] {taskinstance.py:584} DEBUG - Clearing next_method and next_kwargs.
[2024-06-26T07:18:31.363+0000] {taskinstance.py:1206} INFO - Marking task as SUCCESS. dag_id=PAGE, task_id=get_urls_task, run_id=manual__2024-06-26T07:18:23.021456+00:00, execution_date=20240626T071823, start_date=20240626T071830, end_date=20240626T071831
[2024-06-26T07:18:31.365+0000] {taskinstance.py:562} DEBUG - Task Duration set to 0.828817
[2024-06-26T07:18:31.429+0000] {local_task_job_runner.py:240} INFO - Task exited with return code 0
[2024-06-26T07:18:31.504+0000] {taskinstance.py:3503} INFO - 1 downstream tasks scheduled from follow-on schedule check
[2024-06-26T07:18:31.518+0000] {local_task_job_runner.py:222} INFO - ::endgroup::
