[2024-06-26T08:05:48.247+0000] {taskinstance.py:1042} DEBUG - previous_execution_date was called
[2024-06-26T08:05:48.287+0000] {taskinstance.py:1042} DEBUG - previous_execution_date was called
[2024-06-26T08:05:48.305+0000] {local_task_job_runner.py:120} INFO - ::group::Pre task execution logs
[2024-06-26T08:05:48.349+0000] {taskinstance.py:2076} INFO - Dependencies all met for dep_context=non-requeueable deps ti=<TaskInstance: U.get_urls_task manual__2024-06-26T08:05:45.398934+00:00 [queued]>
[2024-06-26T08:05:48.361+0000] {taskinstance.py:2076} INFO - Dependencies all met for dep_context=requeueable deps ti=<TaskInstance: U.get_urls_task manual__2024-06-26T08:05:45.398934+00:00 [queued]>
[2024-06-26T08:05:48.362+0000] {taskinstance.py:2306} INFO - Starting attempt 1 of 1
[2024-06-26T08:05:48.382+0000] {taskinstance.py:2330} INFO - Executing <Task(PythonOperator): get_urls_task> on 2024-06-26 08:05:45.398934+00:00
[2024-06-26T08:05:48.389+0000] {warnings.py:112} WARNING - /home/***/.local/lib/python3.12/site-packages/***/task/task_runner/standard_task_runner.py:61: DeprecationWarning: This process (pid=2893) is multi-threaded, use of fork() may lead to deadlocks in the child.
  pid = os.fork()

[2024-06-26T08:05:48.391+0000] {standard_task_runner.py:63} INFO - Started process 2894 to run task
[2024-06-26T08:05:48.390+0000] {standard_task_runner.py:90} INFO - Running: ['***', 'tasks', 'run', 'U', 'get_urls_task', 'manual__2024-06-26T08:05:45.398934+00:00', '--job-id', '538', '--raw', '--subdir', 'DAGS_FOLDER/first_out.py', '--cfg-path', '/tmp/tmpc4qn__rl']
[2024-06-26T08:05:48.393+0000] {standard_task_runner.py:91} INFO - Job 538: Subtask get_urls_task
[2024-06-26T08:05:48.443+0000] {taskinstance.py:1042} DEBUG - previous_execution_date was called
[2024-06-26T08:05:48.452+0000] {task_command.py:426} INFO - Running <TaskInstance: U.get_urls_task manual__2024-06-26T08:05:45.398934+00:00 [running]> on host ccfa35e0da07
[2024-06-26T08:05:48.453+0000] {settings.py:363} DEBUG - Disposing DB connection pool (PID 2894)
[2024-06-26T08:05:48.454+0000] {settings.py:250} DEBUG - Setting up DB connection pool (PID 2894)
[2024-06-26T08:05:48.454+0000] {settings.py:298} DEBUG - settings.prepare_engine_args(): Using NullPool
[2024-06-26T08:05:48.510+0000] {taskinstance.py:1042} DEBUG - previous_execution_date was called
[2024-06-26T08:05:48.568+0000] {taskinstance.py:2648} INFO - Exporting env vars: AIRFLOW_CTX_DAG_OWNER='***' AIRFLOW_CTX_DAG_ID='U' AIRFLOW_CTX_TASK_ID='get_urls_task' AIRFLOW_CTX_EXECUTION_DATE='2024-06-26T08:05:45.398934+00:00' AIRFLOW_CTX_TRY_NUMBER='1' AIRFLOW_CTX_DAG_RUN_ID='manual__2024-06-26T08:05:45.398934+00:00'
[2024-06-26T08:05:48.570+0000] {taskinstance.py:430} INFO - ::endgroup::
[2024-06-26T08:05:51.651+0000] {taskinstance.py:441} INFO - ::group::Post task execution logs
[2024-06-26T08:05:51.652+0000] {taskinstance.py:2905} ERROR - Task failed with exception
Traceback (most recent call last):
  File "/home/airflow/.local/lib/python3.12/site-packages/airflow/models/taskinstance.py", line 465, in _execute_task
    result = _execute_callable(context=context, **execute_callable_kwargs)
             ^^^^^^^^^^^^^^^^^^^^^^^^^^^^^^^^^^^^^^^^^^^^^^^^^^^^^^^^^^^^^
  File "/home/airflow/.local/lib/python3.12/site-packages/airflow/models/taskinstance.py", line 432, in _execute_callable
    return execute_callable(context=context, **execute_callable_kwargs)
           ^^^^^^^^^^^^^^^^^^^^^^^^^^^^^^^^^^^^^^^^^^^^^^^^^^^^^^^^^^^^
  File "/home/airflow/.local/lib/python3.12/site-packages/airflow/models/baseoperator.py", line 401, in wrapper
    return func(self, *args, **kwargs)
           ^^^^^^^^^^^^^^^^^^^^^^^^^^^
  File "/home/airflow/.local/lib/python3.12/site-packages/airflow/operators/python.py", line 235, in execute
    return_value = self.execute_callable()
                   ^^^^^^^^^^^^^^^^^^^^^^^
  File "/home/airflow/.local/lib/python3.12/site-packages/airflow/operators/python.py", line 252, in execute_callable
    return self.python_callable(*self.op_args, **self.op_kwargs)
           ^^^^^^^^^^^^^^^^^^^^^^^^^^^^^^^^^^^^^^^^^^^^^^^^^^^^^
  File "/opt/airflow/dags/first_out.py", line 27, in run_selenium_job
    page_id = functions_instance.get_id(driver, link, access_token)
              ^^^^^^^^^^^^^^^^^^^^^^^^^^^^^^^^^^^^^^^^^^^^^^^^^^^^^
TypeError: User_Functions.get_id() takes 2 positional arguments but 4 were given
[2024-06-26T08:05:51.673+0000] {taskinstance.py:562} DEBUG - Task Duration set to 3.322323
[2024-06-26T08:05:51.674+0000] {taskinstance.py:584} DEBUG - Clearing next_method and next_kwargs.
[2024-06-26T08:05:51.675+0000] {taskinstance.py:1206} INFO - Marking task as FAILED. dag_id=U, task_id=get_urls_task, run_id=manual__2024-06-26T08:05:45.398934+00:00, execution_date=20240626T080545, start_date=20240626T080548, end_date=20240626T080551
[2024-06-26T08:05:51.696+0000] {standard_task_runner.py:110} ERROR - Failed to execute job 538 for task get_urls_task (User_Functions.get_id() takes 2 positional arguments but 4 were given; 2894)
[2024-06-26T08:05:51.742+0000] {local_task_job_runner.py:240} INFO - Task exited with return code 1
[2024-06-26T08:05:51.765+0000] {taskinstance.py:3503} INFO - 0 downstream tasks scheduled from follow-on schedule check
[2024-06-26T08:05:51.768+0000] {local_task_job_runner.py:222} INFO - ::endgroup::
